<?xml version="1.0" encoding="UTF-8"?>
<!-- Generated by org.testng.reporters.JUnitXMLReporter -->
<testsuite ignored="0" hostname="Siddharam" failures="2" tests="10" name="Surefire test" time="121.575" errors="0" timestamp="2025-08-25T15:18:13 IST">
  <testcase classname="com.phoenix.tests.api.EmployeeApiTest" name="getEmployees" time="4.412"/>
  <testcase classname="com.phoenix.tests.api.EmployeeApiTest" name="createEmployee" time="26.638">
    <failure type="java.lang.RuntimeException" message="Failed after retries">
      <![CDATA[java.lang.RuntimeException: Failed after retries
at com.phoenix.tests.api.EmployeeApiTest.withRetry(EmployeeApiTest.java:43)
at com.phoenix.tests.api.EmployeeApiTest.createEmployee(EmployeeApiTest.java:67)
at java.base/java.util.ArrayList.forEach(ArrayList.java:1604)
... Removed 30 stack frames]]>
    </failure>
  </testcase> <!-- createEmployee -->
  <testcase classname="com.phoenix.tests.api.EmployeeApiTest" name="deleteEmployee" time="0.0">
    <skipped/>
  </testcase> <!-- deleteEmployee -->
  <testcase classname="com.phoenix.tests.ui.AdminLoginTest" name="testAdmLogin" time="3.035"/>
  <testcase classname="com.phoenix.tests.ui.PIMFlowTest" name="preLogin" time="8.362"/>
  <testcase classname="com.phoenix.tests.ui.PIMFlowTest" name="testAddEmp" time="5.151"/>
  <testcase classname="com.phoenix.tests.ui.PIMFlowTest" name="testAddEmp" time="4.602"/>
  <testcase classname="com.phoenix.tests.ui.PIMFlowTest" name="searchAndValEmp" time="11.995"/>
  <testcase classname="com.phoenix.tests.ui.PIMFlowTest" name="testEditEmpInfo" time="3.003"/>
  <testcase classname="com.phoenix.tests.ui.PIMFlowTest" name="testDeleteEmpRecord" time="37.714">
    <failure type="java.lang.AssertionError" message="After delete, no record found expected [true] but found [false]">
      <![CDATA[java.lang.AssertionError: After delete, no record found expected [true] but found [false]
at com.phoenix.tests.ui.PIMFlowTest.testDeleteEmpRecord(PIMFlowTest.java:68)
at java.base/java.util.ArrayList.forEach(ArrayList.java:1604)
... Removed 33 stack frames]]>
    </failure>
  </testcase> <!-- testDeleteEmpRecord -->
</testsuite> <!-- Surefire test -->
